[14:21:22][main/info]:Boot at BIOS
[14:21:22][main/info]:Boot with USB Drive
[14:21:22][main/info]:安装程序正在启动...
[14:21:22][main/info]:Windows XW 2024 概念版
[2024-46-07/14/24][debug.log]
[15:46:32][main/info]:Boot at BIOS
[15:46:32][main/info]:Boot with USB Drive
[15:46:32][main/info]:安装程序正在启动...
[15:46:32][main/info]:Windows XW 2024 概念版
[2024-49-07/14/24][debug.log]
[2024-50-07/14/24][debug.log]
[2024-50-07/14/24][debug.log]
[2024-54-07/14/24][debug.log]
[2024-56-07/14/24][debug.log]
[2024-00-07/14/24][debug.log]
[2024-01-07/14/24][debug.log]
[2024-06-07/14/24][debug.log]
[16:06:06][main/info]:None
[2024-08-07/14/24][debug.log]
[2024-08-07/14/24][debug.log]
[2024-14-07/14/24][debug.log]
[2024-24-07/14/24][debug.log]
[2024-24-07/14/24][debug.log]
[2024-26-07/14/24][debug.log]
[2024-27-07/14/24][debug.log]
[2024-27-07/14/24][debug.log]
[2024-27-07/14/24][debug.log]
[2024-27-07/14/24][debug.log]
[2024-28-07/14/24][debug.log]
[2024-29-07/14/24][debug.log]
[16:29:59][main/info]:Boot at BIOS
[16:29:59][main/info]:Boot with USB Drive
[16:29:59][main/info]:安装程序正在启动...
[16:29:59][main/info]:Windows XW 2024 概念版
[2024-32-07/14/24][debug.log]
[16:32:23][main/info]:Boot at BIOS
[16:32:23][main/info]:Boot with USB Drive
[16:32:23][main/info]:安装程序正在启动...
[16:32:23][main/info]:Windows XW 2024 概念版
[2024-34-07/14/24][debug.log]
[2024-34-07/14/24][debug.log]
[16:34:50][main/info]:Boot at BIOS
[16:34:50][main/info]:Boot with USB Drive
[16:34:50][main/info]:安装程序正在启动...
[16:34:50][main/info]:Windows XW 2024 概念版
[2024-36-07/14/24][debug.log]
[16:36:48][main/info]:Boot at BIOS
[16:36:48][main/info]:Boot with USB Drive
[16:36:48][main/info]:安装程序正在启动...
[16:36:48][main/info]:Windows XW 2024 概念版
[2024-37-07/14/24][debug.log]
[2024-37-07/14/24][debug.log]
[2024-38-07/14/24][debug.log]
[2024-43-07/16/24][debug.log]
[09:43:56][main/info]:Windows XW 2024 概念版 Setup
